<?xml version="1.0" encoding="UTF-8"?>
<beans xmlns="http://www.springframework.org/schema/beans"
	xmlns:xsi="http://www.w3.org/2001/XMLSchema-instance"
	xmlns:jee="http://www.springframework.org/schema/jee"
	xmlns:tx="http://www.springframework.org/schema/tx"
	xmlns:aop="http://www.springframework.org/schema/aop"
	xmlns:util="http://www.springframework.org/schema/util"
	xmlns:context="http://www.springframework.org/schema/context"
	xsi:schemaLocation="http://www.springframework.org/schema/beans http://www.springframework.org/schema/beans/spring-beans-3.0.xsd
 	http://www.springframework.org/schema/tx http://www.springframework.org/schema/tx/spring-tx-3.0.xsd 
 	http://www.springframework.org/schema/jee http://www.springframework.org/schema/jee/spring-jee-3.0.xsd 
 	http://www.springframework.org/schema/aop http://www.springframework.org/schema/aop/spring-aop-2.5.xsd 
 	http://www.springframework.org/schema/context http://www.springframework.org/schema/context/spring-context-3.0.xsd 
 	http://www.springframework.org/schema/util http://www.springframework.org/schema/util/spring-util-2.5.xsd" 
	default-lazy-init="false">
	<bean id="defaultRequestService" class="com.hanson.test.request.service.impl.HttpRequestServiceImpl"></bean>
	<bean id="defaultBeforeTestHandler" class="com.hanson.test.handler.impl.DefaultBeforeTestHandler"></bean>
	<bean id="defaultTestSuccessHandler" class="com.hanson.test.handler.impl.DefaultTestSuccessHandler"></bean>
	<bean id="defaultResultParsor" class="com.hanson.test.handler.impl.JSONResultParsor"></bean>
	<bean id="defaultRequestParamParsor" class="com.hanson.test.handler.impl.RequestParam2JSONParsor"></bean>
	<!-- 引入需要进行测试的用例 -->
	 <import resource="classpath:testcases/**/*.xml"/>

</beans>